<?xml version="1.0" encoding="UTF-8"?>
<!-- Generated by org.testng.reporters.JUnitXMLReporter -->
<testsuite ignored="4" hostname="pavans-mbp.home" failures="1" tests="2" name="Delete Portfolio Test" time="6.763" errors="0" timestamp="2022-05-06T20:36:59 CEST">
  <testcase classname="testbase.BaseTest" name="@BeforeMethod beforeMethod" time="0.001">
    <skipped/>
  </testcase> <!-- @BeforeMethod beforeMethod -->
  <testcase classname="testcases.rediff.Session" name="doLogin" time="6.694">
    <failure type="java.lang.AssertionError" message="The following asserts failed:
	Test is Incorrect...,
	Element not Found login_submit_id">
      <![CDATA[java.lang.AssertionError: The following asserts failed:
Test is Incorrect...,
Element not Found login_submit_id
at keywords.GenericKeyWords.assertAll(GenericKeyWords.java:140)
at keywords.GenericKeyWords.reportFailure(GenericKeyWords.java:134)
at keywords.ValidationKeyWords.validateElementPresent(ValidationKeyWords.java:16)
at testcases.rediff.Session.doLogin(Session.java:21)
at java.base/java.util.ArrayList.forEach(ArrayList.java:1511)
... Removed 29 stack frames]]>
    </failure>
  </testcase> <!-- doLogin -->
  <testcase classname="testcases.rediff.PortfolioManagement" name="deletePortfolio" time="0.0">
    <skipped/>
  </testcase> <!-- deletePortfolio -->
  <testcase classname="testbase.BaseTest" name="@AfterTest quit" time="0.0">
    <ignored/>
  </testcase> <!-- @AfterTest quit -->
  <testcase classname="testcases.rediff.Session" name="doLogout" time="0.0">
    <ignored/>
  </testcase> <!-- doLogout -->
  <testcase classname="testbase.BaseTest" name="@BeforeTest beforeTest" time="0.0">
    <ignored/>
  </testcase> <!-- @BeforeTest beforeTest -->
  <testcase classname="testcases.rediff.PortfolioManagement" name="createPortfolio" time="0.0">
    <ignored/>
  </testcase> <!-- createPortfolio -->
</testsuite> <!-- Delete Portfolio Test -->
