<?xml version="1.0" encoding="UTF-8"?>
<!-- Generated by org.testng.reporters.JUnitReportReporter -->
<testsuite skipped="1" hostname="pavans-mbp.home" name="testcases.rediff.StockManagement" tests="9" failures="1" timestamp="2022-05-06T23:37:34 CEST" time="17.756" errors="0">
  <testcase name="verifyTransactionHistory" time="0.001" classname="testcases.rediff.StockManagement">
    <skipped/>
  </testcase> <!-- verifyTransactionHistory -->
  <system-out/>
  <testcase name="verifyStockPresent" time="1.073" classname="testcases.rediff.StockManagement"/>
  <system-out/>
  <testcase name="verifyTransactionHistory" time="1.033" classname="testcases.rediff.StockManagement"/>
  <system-out/>
  <testcase name="addNewStock" time="6.838" classname="testcases.rediff.StockManagement"/>
  <system-out/>
  <testcase name="verifyStockPresent" time="0.783" classname="testcases.rediff.StockManagement"/>
  <system-out/>
  <testcase name="verifyStockPresent" time="1.428" classname="testcases.rediff.StockManagement"/>
  <system-out/>
  <testcase name="verifyStockQuantity" time="1.055" classname="testcases.rediff.StockManagement">
    <failure type="java.lang.AssertionError" message="The following asserts failed:
	Quantity did not match">
      <![CDATA[java.lang.AssertionError: The following asserts failed:
Quantity did not match
at org.testng.asserts.SoftAssert.assertAll(SoftAssert.java:47)
at org.testng.asserts.SoftAssert.assertAll(SoftAssert.java:31)
at keywords.GenericKeyWords.assertAll(GenericKeyWords.java:187)
at keywords.GenericKeyWords.reportFailure(GenericKeyWords.java:181)
at testcases.rediff.StockManagement.verifyStockQuantity(StockManagement.java:119)
at sun.reflect.NativeMethodAccessorImpl.invoke0(Native Method)
at sun.reflect.NativeMethodAccessorImpl.invoke(NativeMethodAccessorImpl.java:62)
at sun.reflect.DelegatingMethodAccessorImpl.invoke(DelegatingMethodAccessorImpl.java:43)
at java.lang.reflect.Method.invoke(Method.java:498)
at org.testng.internal.MethodInvocationHelper.invokeMethod(MethodInvocationHelper.java:133)
at org.testng.internal.TestInvoker.invokeMethod(TestInvoker.java:598)
at org.testng.internal.TestInvoker.invokeTestMethod(TestInvoker.java:173)
at org.testng.internal.MethodRunner.runInSequence(MethodRunner.java:46)
at org.testng.internal.TestInvoker$MethodInvocationAgent.invoke(TestInvoker.java:824)
at org.testng.internal.TestInvoker.invokeTestMethods(TestInvoker.java:146)
at org.testng.internal.TestMethodWorker.invokeTestMethods(TestMethodWorker.java:146)
at org.testng.internal.TestMethodWorker.run(TestMethodWorker.java:128)
at java.util.ArrayList.forEach(ArrayList.java:1259)
at org.testng.TestRunner.privateRun(TestRunner.java:794)
at org.testng.TestRunner.run(TestRunner.java:596)
at org.testng.SuiteRunner.runTest(SuiteRunner.java:377)
at org.testng.SuiteRunner.runSequentially(SuiteRunner.java:371)
at org.testng.SuiteRunner.privateRun(SuiteRunner.java:332)
at org.testng.SuiteRunner.run(SuiteRunner.java:276)
at org.testng.SuiteRunnerWorker.runSuite(SuiteRunnerWorker.java:53)
at org.testng.SuiteRunnerWorker.run(SuiteRunnerWorker.java:96)
at org.testng.TestNG.runSuitesSequentially(TestNG.java:1212)
at org.testng.TestNG.runSuitesLocally(TestNG.java:1134)
at org.testng.TestNG.runSuites(TestNG.java:1063)
at org.testng.TestNG.run(TestNG.java:1031)
at org.testng.remote.AbstractRemoteTestNG.run(AbstractRemoteTestNG.java:115)
at org.testng.remote.RemoteTestNG.initAndRun(RemoteTestNG.java:251)
at org.testng.remote.RemoteTestNG.main(RemoteTestNG.java:77)
]]>
    </failure>
  </testcase> <!-- verifyStockQuantity -->
  <system-out/>
  <testcase name="modifyStock" time="5.073" classname="testcases.rediff.StockManagement"/>
  <system-out/>
  <testcase name="verifyStockQuantity" time="0.472" classname="testcases.rediff.StockManagement"/>
  <system-out/>
</testsuite> <!-- testcases.rediff.StockManagement -->
