<?xml version="1.0" encoding="UTF-8"?>
<!-- Generated by org.testng.reporters.JUnitXMLReporter -->
<testsuite ignored="4" hostname="pavans-mbp.home" failures="1" tests="2" name="Create Portfolio Test" time="8.864" errors="0" timestamp="2022-05-02T02:32:55 CEST">
  <testcase classname="testcases.rediff.Session" name="doLogin" time="8.01"/>
  <testcase classname="testcases.rediff.PortfolioManagement" name="createPortfolio" time="0.001">
    <failure type="java.lang.AssertionError" message="The following asserts failed:
	Test is Incorrect...,
	Element not Found login_submit_id,
	some non critical failure">
      <![CDATA[java.lang.AssertionError: The following asserts failed:
Test is Incorrect...,
Element not Found login_submit_id,
some non critical failure
at keywords.GenericKeyWords.assertAll(GenericKeyWords.java:135)
at testcases.rediff.PortfolioManagement.createPortfolio(PortfolioManagement.java:16)
at java.base/java.util.ArrayList.forEach(ArrayList.java:1511)
... Removed 29 stack frames]]>
    </failure>
  </testcase> <!-- createPortfolio -->
  <testcase classname="testcases.rediff.PortfolioManagement" name="deletePortfolio" time="0.0">
    <ignored/>
  </testcase> <!-- deletePortfolio -->
  <testcase classname="testbase.BaseTest" name="@AfterTest quit" time="0.0">
    <ignored/>
  </testcase> <!-- @AfterTest quit -->
  <testcase classname="testcases.rediff.Session" name="doLogout" time="0.0">
    <ignored/>
  </testcase> <!-- doLogout -->
  <testcase classname="testbase.BaseTest" name="@BeforeTest beforeTest" time="0.0">
    <ignored/>
  </testcase> <!-- @BeforeTest beforeTest -->
</testsuite> <!-- Create Portfolio Test -->
