<?xml version="1.0" encoding="UTF-8"?>
<testng-results skipped="0" failed="2" ignored="8" total="12" passed="2">
  <reporter-output>
  </reporter-output>
  <suite name="Portfolio Suite" duration-ms="15562" started-at="2022-05-06T20:15:39 CEST" finished-at="2022-05-06T20:15:55 CEST">
    <groups>
    </groups>
    <test name="Create Portfolio Test" duration-ms="9228" started-at="2022-05-06T20:15:39 CEST" finished-at="2022-05-06T20:15:48 CEST">
      <class name="testcases.rediff.Session">
        <test-method status="PASS" signature="beforeTest(org.testng.ITestContext)[pri:0, instance:testcases.rediff.Session@2eda0940]" name="beforeTest" is-config="true" duration-ms="216" started-at="2022-05-06T20:15:39 CEST" finished-at="2022-05-06T20:15:39 CEST">
          <params>
            <param index="0">
              <value>
                <![CDATA[org.testng.TestRunner@52e6fdee]]>
              </value>
            </param>
          </params>
          <reporter-output>
          </reporter-output>
        </test-method> <!-- beforeTest -->
        <test-method status="PASS" signature="beforeMethod(org.testng.ITestContext)[pri:0, instance:testcases.rediff.Session@2eda0940]" name="beforeMethod" is-config="true" duration-ms="0" started-at="2022-05-06T20:15:40 CEST" finished-at="2022-05-06T20:15:40 CEST">
          <params>
            <param index="0">
              <value>
                <![CDATA[org.testng.TestRunner@52e6fdee]]>
              </value>
            </param>
          </params>
          <reporter-output>
          </reporter-output>
        </test-method> <!-- beforeMethod -->
        <test-method status="FAIL" signature="doLogin(org.testng.ITestContext)[pri:0, instance:testcases.rediff.Session@2eda0940]" name="doLogin" duration-ms="8498" started-at="2022-05-06T20:15:40 CEST" finished-at="2022-05-06T20:15:48 CEST">
          <params>
            <param index="0">
              <value>
                <![CDATA[org.testng.TestRunner@52e6fdee]]>
              </value>
            </param>
          </params>
          <exception class="java.lang.ArithmeticException">
            <message>
              <![CDATA[/ by zero]]>
            </message>
            <full-stacktrace>
              <![CDATA[java.lang.ArithmeticException: / by zero
at testcases.rediff.Session.doLogin(Session.java:18)
at sun.reflect.NativeMethodAccessorImpl.invoke0(Native Method)
at sun.reflect.NativeMethodAccessorImpl.invoke(NativeMethodAccessorImpl.java:62)
at sun.reflect.DelegatingMethodAccessorImpl.invoke(DelegatingMethodAccessorImpl.java:43)
at java.lang.reflect.Method.invoke(Method.java:498)
at org.testng.internal.MethodInvocationHelper.invokeMethod(MethodInvocationHelper.java:133)
at org.testng.internal.TestInvoker.invokeMethod(TestInvoker.java:598)
at org.testng.internal.TestInvoker.invokeTestMethod(TestInvoker.java:173)
at org.testng.internal.MethodRunner.runInSequence(MethodRunner.java:46)
at org.testng.internal.TestInvoker$MethodInvocationAgent.invoke(TestInvoker.java:824)
at org.testng.internal.TestInvoker.invokeTestMethods(TestInvoker.java:146)
at org.testng.internal.TestMethodWorker.invokeTestMethods(TestMethodWorker.java:146)
at org.testng.internal.TestMethodWorker.run(TestMethodWorker.java:128)
at java.util.ArrayList.forEach(ArrayList.java:1259)
at org.testng.TestRunner.privateRun(TestRunner.java:794)
at org.testng.TestRunner.run(TestRunner.java:596)
at org.testng.SuiteRunner.runTest(SuiteRunner.java:377)
at org.testng.SuiteRunner.runSequentially(SuiteRunner.java:371)
at org.testng.SuiteRunner.privateRun(SuiteRunner.java:332)
at org.testng.SuiteRunner.run(SuiteRunner.java:276)
at org.testng.SuiteRunnerWorker.runSuite(SuiteRunnerWorker.java:53)
at org.testng.SuiteRunnerWorker.run(SuiteRunnerWorker.java:96)
at org.testng.TestNG.runSuitesSequentially(TestNG.java:1212)
at org.testng.TestNG.runSuitesLocally(TestNG.java:1134)
at org.testng.TestNG.runSuites(TestNG.java:1063)
at org.testng.TestNG.run(TestNG.java:1031)
at org.testng.remote.AbstractRemoteTestNG.run(AbstractRemoteTestNG.java:115)
at org.testng.remote.RemoteTestNG.initAndRun(RemoteTestNG.java:251)
at org.testng.remote.RemoteTestNG.main(RemoteTestNG.java:77)
]]>
            </full-stacktrace>
          </exception> <!-- java.lang.ArithmeticException -->
          <reporter-output>
          </reporter-output>
        </test-method> <!-- doLogin -->
        <test-method status="PASS" signature="quit()[pri:0, instance:testcases.rediff.Session@2eda0940]" name="quit" is-config="true" duration-ms="453" started-at="2022-05-06T20:15:48 CEST" finished-at="2022-05-06T20:15:48 CEST">
          <reporter-output>
          </reporter-output>
        </test-method> <!-- quit -->
      </class> <!-- testcases.rediff.Session -->
      <class name="testcases.rediff.PortfolioManagement">
        <test-method status="PASS" signature="beforeMethod(org.testng.ITestContext)[pri:0, instance:testcases.rediff.PortfolioManagement@5c072e3f]" name="beforeMethod" is-config="true" duration-ms="2" started-at="2022-05-06T20:15:48 CEST" finished-at="2022-05-06T20:15:48 CEST">
          <params>
            <param index="0">
              <value>
                <![CDATA[org.testng.TestRunner@52e6fdee]]>
              </value>
            </param>
          </params>
          <reporter-output>
          </reporter-output>
        </test-method> <!-- beforeMethod -->
        <test-method status="PASS" signature="createPortfolio(org.testng.ITestContext)[pri:0, instance:testcases.rediff.PortfolioManagement@5c072e3f]" name="createPortfolio" duration-ms="2" started-at="2022-05-06T20:15:48 CEST" finished-at="2022-05-06T20:15:48 CEST">
          <params>
            <param index="0">
              <value>
                <![CDATA[org.testng.TestRunner@52e6fdee]]>
              </value>
            </param>
          </params>
          <reporter-output>
          </reporter-output>
        </test-method> <!-- createPortfolio -->
      </class> <!-- testcases.rediff.PortfolioManagement -->
    </test> <!-- Create Portfolio Test -->
    <test name="Delete Portfolio Test" duration-ms="6318" started-at="2022-05-06T20:15:49 CEST" finished-at="2022-05-06T20:15:55 CEST">
      <class name="testcases.rediff.Session">
        <test-method status="PASS" signature="beforeTest(org.testng.ITestContext)[pri:0, instance:testcases.rediff.Session@aecb35a]" name="beforeTest" is-config="true" duration-ms="4" started-at="2022-05-06T20:15:49 CEST" finished-at="2022-05-06T20:15:49 CEST">
          <params>
            <param index="0">
              <value>
                <![CDATA[org.testng.TestRunner@a68df9]]>
              </value>
            </param>
          </params>
          <reporter-output>
          </reporter-output>
        </test-method> <!-- beforeTest -->
        <test-method status="PASS" signature="beforeMethod(org.testng.ITestContext)[pri:0, instance:testcases.rediff.Session@aecb35a]" name="beforeMethod" is-config="true" duration-ms="0" started-at="2022-05-06T20:15:49 CEST" finished-at="2022-05-06T20:15:49 CEST">
          <params>
            <param index="0">
              <value>
                <![CDATA[org.testng.TestRunner@a68df9]]>
              </value>
            </param>
          </params>
          <reporter-output>
          </reporter-output>
        </test-method> <!-- beforeMethod -->
        <test-method status="FAIL" signature="doLogin(org.testng.ITestContext)[pri:0, instance:testcases.rediff.Session@aecb35a]" name="doLogin" duration-ms="6241" started-at="2022-05-06T20:15:49 CEST" finished-at="2022-05-06T20:15:55 CEST">
          <params>
            <param index="0">
              <value>
                <![CDATA[org.testng.TestRunner@a68df9]]>
              </value>
            </param>
          </params>
          <exception class="java.lang.ArithmeticException">
            <message>
              <![CDATA[/ by zero]]>
            </message>
            <full-stacktrace>
              <![CDATA[java.lang.ArithmeticException: / by zero
at testcases.rediff.Session.doLogin(Session.java:18)
at sun.reflect.NativeMethodAccessorImpl.invoke0(Native Method)
at sun.reflect.NativeMethodAccessorImpl.invoke(NativeMethodAccessorImpl.java:62)
at sun.reflect.DelegatingMethodAccessorImpl.invoke(DelegatingMethodAccessorImpl.java:43)
at java.lang.reflect.Method.invoke(Method.java:498)
at org.testng.internal.MethodInvocationHelper.invokeMethod(MethodInvocationHelper.java:133)
at org.testng.internal.TestInvoker.invokeMethod(TestInvoker.java:598)
at org.testng.internal.TestInvoker.invokeTestMethod(TestInvoker.java:173)
at org.testng.internal.MethodRunner.runInSequence(MethodRunner.java:46)
at org.testng.internal.TestInvoker$MethodInvocationAgent.invoke(TestInvoker.java:824)
at org.testng.internal.TestInvoker.invokeTestMethods(TestInvoker.java:146)
at org.testng.internal.TestMethodWorker.invokeTestMethods(TestMethodWorker.java:146)
at org.testng.internal.TestMethodWorker.run(TestMethodWorker.java:128)
at java.util.ArrayList.forEach(ArrayList.java:1259)
at org.testng.TestRunner.privateRun(TestRunner.java:794)
at org.testng.TestRunner.run(TestRunner.java:596)
at org.testng.SuiteRunner.runTest(SuiteRunner.java:377)
at org.testng.SuiteRunner.runSequentially(SuiteRunner.java:371)
at org.testng.SuiteRunner.privateRun(SuiteRunner.java:332)
at org.testng.SuiteRunner.run(SuiteRunner.java:276)
at org.testng.SuiteRunnerWorker.runSuite(SuiteRunnerWorker.java:53)
at org.testng.SuiteRunnerWorker.run(SuiteRunnerWorker.java:96)
at org.testng.TestNG.runSuitesSequentially(TestNG.java:1212)
at org.testng.TestNG.runSuitesLocally(TestNG.java:1134)
at org.testng.TestNG.runSuites(TestNG.java:1063)
at org.testng.TestNG.run(TestNG.java:1031)
at org.testng.remote.AbstractRemoteTestNG.run(AbstractRemoteTestNG.java:115)
at org.testng.remote.RemoteTestNG.initAndRun(RemoteTestNG.java:251)
at org.testng.remote.RemoteTestNG.main(RemoteTestNG.java:77)
]]>
            </full-stacktrace>
          </exception> <!-- java.lang.ArithmeticException -->
          <reporter-output>
          </reporter-output>
        </test-method> <!-- doLogin -->
        <test-method status="PASS" signature="quit()[pri:0, instance:testcases.rediff.Session@aecb35a]" name="quit" is-config="true" duration-ms="41" started-at="2022-05-06T20:15:55 CEST" finished-at="2022-05-06T20:15:55 CEST">
          <reporter-output>
          </reporter-output>
        </test-method> <!-- quit -->
      </class> <!-- testcases.rediff.Session -->
      <class name="testcases.rediff.PortfolioManagement">
        <test-method status="PASS" signature="beforeMethod(org.testng.ITestContext)[pri:0, instance:testcases.rediff.PortfolioManagement@8b87145]" name="beforeMethod" is-config="true" duration-ms="1" started-at="2022-05-06T20:15:55 CEST" finished-at="2022-05-06T20:15:55 CEST">
          <params>
            <param index="0">
              <value>
                <![CDATA[org.testng.TestRunner@a68df9]]>
              </value>
            </param>
          </params>
          <reporter-output>
          </reporter-output>
        </test-method> <!-- beforeMethod -->
        <test-method status="PASS" signature="deletePortfolio()[pri:0, instance:testcases.rediff.PortfolioManagement@8b87145]" name="deletePortfolio" duration-ms="3" started-at="2022-05-06T20:15:55 CEST" finished-at="2022-05-06T20:15:55 CEST">
          <reporter-output>
          </reporter-output>
        </test-method> <!-- deletePortfolio -->
      </class> <!-- testcases.rediff.PortfolioManagement -->
    </test> <!-- Delete Portfolio Test -->
  </suite> <!-- Portfolio Suite -->
</testng-results>
