<!DOCTYPE html PUBLIC "-//W3C//DTD XHTML 1.1//EN" "https://www.w3.org/TR/xhtml11/DTD/xhtml11.dtd">
<html xmlns="https://www.w3.org/1999/xhtml">
<head>
<meta http-equiv="content-type" content="text/html; charset=UTF-8"/>
<title>TestNG Report</title>
<style type="text/css">table {margin-bottom:10px;border-collapse:collapse;empty-cells:show}th,td {border:1px solid #009;padding:.25em .5em}th {vertical-align:bottom}td {vertical-align:top}table a {font-weight:bold}.stripe td {background-color: #E6EBF9}.num {text-align:right}.passedodd td {background-color: #3F3}.passedeven td {background-color: #0A0}.skippedodd td {background-color: #DDD}.skippedeven td {background-color: #CCC}.failedodd td,.attn {background-color: #F33}.failedeven td,.stripe .attn {background-color: #D00}.stacktrace {white-space:pre;font-family:monospace}.totop {font-size:85%;text-align:center;border-bottom:2px solid #000}.invisible {display:none}</style>
</head>
<body>
<table>
<tr><th>Test</th><th># Passed</th><th># Skipped</th><th># Retried</th><th># Failed</th><th>Time (ms)</th><th>Included Groups</th><th>Excluded Groups</th></tr>
<tr><th colspan="8">Portfolio Suite</th></tr>
<tr><td><a href="#t0">Create Portfolio Test</a></td><td class="num">0</td><td class="num attn">1</td><td class="num">0</td><td class="num attn">1</td><td class="num">9,400</td><td></td><td></td></tr>
<tr class="stripe"><td><a href="#t1">Delete Portfolio Test</a></td><td class="num">0</td><td class="num attn">1</td><td class="num">0</td><td class="num attn">1</td><td class="num">6,763</td><td></td><td></td></tr>
<tr><th>Total</th><th class="num">0</th><th class="num attn">2</th><th class="num">0</th><th class="num attn">2</th><th class="num">16,163</th><th colspan="2"></th></tr>
</table>
<table id='summary'><thead><tr><th>Class</th><th>Method</th><th>Start</th><th>Time (ms)</th></tr></thead><tbody><tr><th colspan="4">Portfolio Suite</th></tr></tbody><tbody id="t0"><tr><th colspan="4">Create Portfolio Test &#8212; failed</th></tr><tr class="failedeven"><td rowspan="1">testcases.rediff.Session</td><td><a href="#m0">doLogin</a></td><td rowspan="1">1651862203301</td><td rowspan="1">8466</td></tr><tr><th colspan="4">Create Portfolio Test &#8212; skipped (configuration methods)</th></tr><tr class="skippedeven"><td rowspan="1">testcases.rediff.PortfolioManagement</td><td><a href="#m1">beforeMethod</a></td><td rowspan="1">1651862211781</td><td rowspan="1">2</td></tr><tr><th colspan="4">Create Portfolio Test &#8212; skipped</th></tr><tr class="skippedeven"><td rowspan="1">testcases.rediff.PortfolioManagement</td><td><a href="#m2">createPortfolio</a></td><td rowspan="1">1651862211785</td><td rowspan="1">0</td></tr></tbody>
<tbody id="t1"><tr><th colspan="4">Delete Portfolio Test &#8212; failed</th></tr><tr class="failedeven"><td rowspan="1">testcases.rediff.Session</td><td><a href="#m3">doLogin</a></td><td rowspan="1">1651862212401</td><td rowspan="1">6694</td></tr><tr><th colspan="4">Delete Portfolio Test &#8212; skipped (configuration methods)</th></tr><tr class="skippedeven"><td rowspan="1">testcases.rediff.PortfolioManagement</td><td><a href="#m4">beforeMethod</a></td><td rowspan="1">1651862219103</td><td rowspan="1">1</td></tr><tr><th colspan="4">Delete Portfolio Test &#8212; skipped</th></tr><tr class="skippedeven"><td rowspan="1">testcases.rediff.PortfolioManagement</td><td><a href="#m5">deletePortfolio</a></td><td rowspan="1">1651862219106</td><td rowspan="1">0</td></tr></tbody>
</table>
<h2>Create Portfolio Test</h2><h3 id="m0">testcases.rediff.Session#doLogin</h3><table class="result"><tr class="param"><th>Parameter #1</th></tr><tr class="param stripe"><td>org.testng.TestRunner@7b420819</td></tr><tr><th>Exception</th></tr><tr><td><div class="stacktrace">java.lang.AssertionError: The following asserts failed:
	Test is Incorrect...,
	Element not Found login_submit_id
	at keywords.GenericKeyWords.assertAll(GenericKeyWords.java:140)
	at keywords.GenericKeyWords.reportFailure(GenericKeyWords.java:134)
	at keywords.ValidationKeyWords.validateElementPresent(ValidationKeyWords.java:16)
	at testcases.rediff.Session.doLogin(Session.java:21)
	at java.base/java.util.ArrayList.forEach(ArrayList.java:1511)
... Removed 29 stack frames</div></td></tr></table><p class="totop"><a href="#summary">back to summary</a></p>
<h3 id="m1">testcases.rediff.PortfolioManagement#beforeMethod</h3><table class="result"><tr class="param"><th>Parameter #1</th></tr><tr class="param stripe"><td>org.testng.TestRunner@7b420819</td></tr><tr><th>Exception</th></tr><tr><td><div class="stacktrace">org.testng.SkipException: Critical Failure in Previous Test
	at testbase.BaseTest.beforeMethod(BaseTest.java:45)
	at java.base/java.util.ArrayList.forEach(ArrayList.java:1511)
... Removed 31 stack frames</div></td></tr></table><p class="totop"><a href="#summary">back to summary</a></p>
<h3 id="m2">testcases.rediff.PortfolioManagement#createPortfolio</h3><table class="result"><tr class="param"><th>Parameter #1</th></tr><tr class="param stripe"><td>org.testng.TestRunner@7b420819</td></tr><tr><th>Exception</th></tr><tr><td><div class="stacktrace">org.testng.SkipException: Critical Failure in Previous Test
	at testbase.BaseTest.beforeMethod(BaseTest.java:45)
	at java.base/java.util.ArrayList.forEach(ArrayList.java:1511)
... Removed 31 stack frames</div></td></tr></table><p class="totop"><a href="#summary">back to summary</a></p>
<h2>Delete Portfolio Test</h2><h3 id="m3">testcases.rediff.Session#doLogin</h3><table class="result"><tr class="param"><th>Parameter #1</th></tr><tr class="param stripe"><td>org.testng.TestRunner@b887730</td></tr><tr><th>Exception</th></tr><tr><td><div class="stacktrace">java.lang.AssertionError: The following asserts failed:
	Test is Incorrect...,
	Element not Found login_submit_id
	at keywords.GenericKeyWords.assertAll(GenericKeyWords.java:140)
	at keywords.GenericKeyWords.reportFailure(GenericKeyWords.java:134)
	at keywords.ValidationKeyWords.validateElementPresent(ValidationKeyWords.java:16)
	at testcases.rediff.Session.doLogin(Session.java:21)
	at java.base/java.util.ArrayList.forEach(ArrayList.java:1511)
... Removed 29 stack frames</div></td></tr></table><p class="totop"><a href="#summary">back to summary</a></p>
<h3 id="m4">testcases.rediff.PortfolioManagement#beforeMethod</h3><table class="result"><tr class="param"><th>Parameter #1</th></tr><tr class="param stripe"><td>org.testng.TestRunner@b887730</td></tr><tr><th>Exception</th></tr><tr><td><div class="stacktrace">org.testng.SkipException: Critical Failure in Previous Test
	at testbase.BaseTest.beforeMethod(BaseTest.java:45)
	at java.base/java.util.ArrayList.forEach(ArrayList.java:1511)
... Removed 31 stack frames</div></td></tr></table><p class="totop"><a href="#summary">back to summary</a></p>
<h3 id="m5">testcases.rediff.PortfolioManagement#deletePortfolio</h3><table class="result"><tr><th>Exception</th></tr><tr><td><div class="stacktrace">org.testng.SkipException: Critical Failure in Previous Test
	at testbase.BaseTest.beforeMethod(BaseTest.java:45)
	at java.base/java.util.ArrayList.forEach(ArrayList.java:1511)
... Removed 31 stack frames</div></td></tr></table><p class="totop"><a href="#summary">back to summary</a></p>
</body>
</html>
